<?xml version="1.0" encoding="UTF-8"?>
<!-- Generated by org.testng.reporters.JUnitXMLReporter -->
<testsuite ignored="1" hostname="DESKTOP-7H5FTIU" failures="0" tests="1" name="Default test" time="32.146" errors="0" timestamp="2026-01-19T12:19:10 IST">
  <testcase classname="com.kpmg.test.LoginUITest" name="headerTest" time="32.011"/>
  <testcase classname="com.kpmg.test.LoginUITest" name="titleTest" time="0.0">
    <ignored/>
  </testcase> <!-- titleTest -->
</testsuite> <!-- Default test -->
