<?xml version="1.0" encoding="UTF-8"?>
<!-- Generated by org.testng.reporters.JUnitXMLReporter -->
<testsuite ignored="1" hostname="DESKTOP-7H5FTIU" failures="0" tests="1" name="Default test" time="39.28" errors="0" timestamp="2026-01-20T10:32:33 IST">
  <testcase classname="com.kpmg.test.LoginTest" name="invalidLoginTest" time="6.84"/>
  <testcase classname="com.kpmg.test.LoginTest" name="validLoginTest" time="0.0">
    <ignored/>
  </testcase> <!-- validLoginTest -->
</testsuite> <!-- Default test -->
