<?xml version="1.0" encoding="UTF-8"?>
<testng-results ignored="1" total="2" passed="1" failed="0" skipped="0">
  <reporter-output>
  </reporter-output>
  <suite started-at="2026-01-21T10:34:14 IST" name="Default suite" finished-at="2026-01-21T10:34:56 IST" duration-ms="41969">
    <groups>
    </groups>
    <test started-at="2026-01-21T10:34:14 IST" name="Default test" finished-at="2026-01-21T10:34:56 IST" duration-ms="41969">
      <class name="com.kpmg.test.LoginTest">
        <test-method is-config="true" signature="setup()[pri:0, instance:com.kpmg.test.LoginTest@3349e9bb]" started-at="2026-01-21T10:34:18 IST" name="setup" finished-at="2026-01-21T10:34:52 IST" duration-ms="33464" status="PASS">
          <reporter-output>
          </reporter-output>
        </test-method> <!-- setup -->
        <test-method signature="validLoginTest(java.lang.String,java.lang.String,java.lang.String)[pri:0, instance:com.kpmg.test.LoginTest@3349e9bb]" started-at="2026-01-21T10:34:52 IST" name="validLoginTest" data-provider="commonDataProvider" finished-at="2026-01-21T10:34:55 IST" duration-ms="3667" status="PASS">
          <params>
            <param index="0">
              <value>
                <![CDATA[Admin]]>
              </value>
            </param>
            <param index="1">
              <value>
                <![CDATA[admin123]]>
              </value>
            </param>
            <param index="2">
              <value>
                <![CDATA[Dashboard]]>
              </value>
            </param>
          </params>
          <reporter-output>
          </reporter-output>
        </test-method> <!-- validLoginTest -->
        <test-method is-config="true" signature="teardown()[pri:0, instance:com.kpmg.test.LoginTest@3349e9bb]" started-at="2026-01-21T10:34:55 IST" name="teardown" finished-at="2026-01-21T10:34:56 IST" duration-ms="443" status="PASS">
          <reporter-output>
          </reporter-output>
        </test-method> <!-- teardown -->
      </class> <!-- com.kpmg.test.LoginTest -->
    </test> <!-- Default test -->
  </suite> <!-- Default suite -->
</testng-results>
