<?xml version="1.0" encoding="UTF-8"?>
<testng-results ignored="1" total="2" passed="1" failed="0" skipped="0">
  <reporter-output>
  </reporter-output>
  <suite started-at="2026-01-19T12:18:38 IST" name="Default suite" finished-at="2026-01-19T12:19:10 IST" duration-ms="32146">
    <groups>
    </groups>
    <test started-at="2026-01-19T12:18:38 IST" name="Default test" finished-at="2026-01-19T12:19:10 IST" duration-ms="32146">
      <class name="com.kpmg.test.LoginUITest">
        <test-method signature="headerTest()[pri:0, instance:com.kpmg.test.LoginUITest@436813f3]" started-at="2026-01-19T12:18:38 IST" name="headerTest" finished-at="2026-01-19T12:19:10 IST" duration-ms="32011" status="PASS">
          <reporter-output>
          </reporter-output>
        </test-method> <!-- headerTest -->
      </class> <!-- com.kpmg.test.LoginUITest -->
    </test> <!-- Default test -->
  </suite> <!-- Default suite -->
</testng-results>
